

Microchip MPLAB XC8 Assembler V2.31 build 20201012212115 
                                                                                               Thu Mar 04 18:43:30 2021

Microchip MPLAB XC8 C Compiler v2.31 (Free license) build 20201012212115 Og1 
     1                           	processor	18F27Q43
     2                           	fnconf	rparam,??,?,0
     3                           	pagewidth 120
     4                           	opt	flic
     5                           	psect	idataCOMRAM,global,class=CODE,delta=1,noexec
     6                           	psect	cinit,global,reloc=2,class=CODE,delta=1
     7                           	psect	bssCOMRAM,global,class=COMRAM,space=1,delta=1,lowdata,noexec
     8                           	psect	dataCOMRAM,global,class=COMRAM,space=1,delta=1,lowdata,noexec
     9                           	psect	cstackCOMRAM,global,class=COMRAM,space=1,delta=1,lowdata,noexec
    10                           	psect	text0,global,reloc=2,class=CODE,delta=1
    11                           	psect	text1,global,reloc=2,class=CODE,delta=1
    12                           	psect	text2,global,reloc=2,class=CODE,delta=1
    13                           	psect	text3,global,reloc=2,class=CODE,delta=1
    14                           	psect	text4,global,reloc=2,class=CODE,delta=1
    15                           	psect	text5,global,reloc=2,class=CODE,delta=1
    16                           	psect	text6,global,reloc=2,class=CODE,delta=1
    17                           	psect	text7,global,reloc=2,class=CODE,delta=1
    18                           	psect	intsave_regs,global,class=BIGRAM,space=1,delta=1,noexec
    19                           	psect	rparam,global,class=COMRAM,space=1,delta=1,noexec
    20                           	psect	idloc,global,abs,ovrld,class=IDLOC,space=5,delta=1,noexec
    21                           	psect	config,global,abs,ovrld,class=CONFIG,space=4,delta=1,noexec
    22  0000                     
    23                           ; Version 2.30
    24                           ; Generated 20/08/2020 GMT
    25                           ; 
    26                           ; Copyright © 2020, Microchip Technology Inc. and its subsidiaries ("Microchip")
    27                           ; All rights reserved.
    28                           ; 
    29                           ; This software is developed by Microchip Technology Inc. and its subsidiaries ("Microch
      +                          ip").
    30                           ; 
    31                           ; Redistribution and use in source and binary forms, with or without modification, are
    32                           ; permitted provided that the following conditions are met:
    33                           ; 
    34                           ;     1. Redistributions of source code must retain the above copyright notice, this lis
      +                          t of
    35                           ;        conditions and the following disclaimer.
    36                           ; 
    37                           ;     2. Redistributions in binary form must reproduce the above copyright notice, this 
      +                          list
    38                           ;        of conditions and the following disclaimer in the documentation and/or other
    39                           ;        materials provided with the distribution. Publication is not required when
    40                           ;        this file is used in an embedded application.
    41                           ; 
    42                           ;     3. Microchip's name may not be used to endorse or promote products derived from th
      +                          is
    43                           ;        software without specific prior written permission.
    44                           ; 
    45                           ; THIS SOFTWARE IS PROVIDED BY MICROCHIP "AS IS" AND ANY EXPRESS OR IMPLIED WARRANTIES,
    46                           ; INCLUDING, BUT NOT LIMITED TO, THE IMPLIED WARRANTIES OF MERCHANTABILITY AND FITNESS F
      +                          OR
    47                           ; PURPOSE ARE DISCLAIMED.  IN NO EVENT SHALL MICROCHIP BE LIABLE FOR ANY DIRECT, INDIREC
      +                          T,
    48                           ; INCIDENTAL, SPECIAL, EXEMPLARY, OR CONSEQUENTIAL DAMAGES (INCLUDING BUT NOT LIMITED TO
    49                           ; PROCUREMENT OF SUBSTITUTE GOODS OR SERVICES; LOSS OF USE, DATA OR PROFITS; OR BUSINESS
    50                           ; INTERRUPTION) HOWSOEVER CAUSED AND ON ANY THEORY OF LIABILITY, WHETHER IN CONTRACT, ST
      +                          RICT
    51                           ; LIABILITY, OR TORT (INCLUDING NEGLIGENCE OR OTHERWISE) ARISING IN ANY WAY OUT OF THE U
      +                          SE OF
    52                           ; THIS SOFTWARE, EVEN IF ADVISED OF THE POSSIBILITY OF SUCH DAMAGE.
    53                           ; 
    54                           ; 
    55                           ; Code-generator required, PIC18F27Q43 Definitions
    56                           ; 
    57                           ; SFR Addresses
    58  0000                     
    59                           	psect	idataCOMRAM
    60  01FEBC                     __pidataCOMRAM:
    61                           	callstack 0
    62                           
    63                           ;initializer for UserAppRun@F15926
    64  01FEBC  20                 	db	32
    65  01FEBD  08                 	db	8
    66  01FEBE  02                 	db	2
    67  01FEBF  10                 	db	16
    68  01FEC0  04                 	db	4
    69  01FEC1  01                 	db	1
    70  01FEC2  2A                 	db	42
    71  01FEC3  15                 	db	21
    72  0000                     _TMR0L	set	792
    73  0000                     _TMR0H	set	793
    74  0000                     _T0CON1	set	795
    75  0000                     _T0CON0	set	794
    76  0000                     _ANSELA	set	1024
    77  0000                     _PIR3	set	1201
    78  0000                     _TRISA	set	1222
    79  0000                     _LATA	set	1214
    80                           
    81                           ; #config settings
    82                           
    83                           	psect	cinit
    84  01FF24                     __pcinit:
    85                           	callstack 0
    86  01FF24                     start_initialization:
    87                           	callstack 0
    88  01FF24                     __initialization:
    89                           	callstack 0
    90                           
    91                           ; Initialize objects allocated to COMRAM (8 bytes)
    92                           ; load TBLPTR registers with __pidataCOMRAM
    93  01FF24  0EBC               	movlw	low __pidataCOMRAM
    94  01FF26  6EF6               	movwf	tblptrl,c
    95  01FF28  0EFE               	movlw	high __pidataCOMRAM
    96  01FF2A  6EF7               	movwf	tblptrh,c
    97  01FF2C  0E01               	movlw	low (__pidataCOMRAM shr (0+16))
    98  01FF2E  6EF8               	movwf	tblptru,c
    99  01FF30  EE01  F111         	lfsr	0,__pdataCOMRAM
   100  01FF34  EE10 F008          	lfsr	1,8
   101  01FF38                     copy_data0:
   102  01FF38  0009               	tblrd		*+
   103  01FF3A  C4F5 F4EE          	movff	tablat,postinc0
   104  01FF3E  50E5               	movf	postdec1,w,c
   105  01FF40  50E1               	movf	fsr1l,w,c
   106  01FF42  E1FA               	bnz	copy_data0
   107                           
   108                           ; Clear objects allocated to COMRAM (16 bytes)
   109  01FF44  EE01  F101         	lfsr	0,__pbssCOMRAM
   110  01FF48  0E10               	movlw	16
   111  01FF4A                     clear_0:
   112  01FF4A  6AEE               	clrf	postinc0,c
   113  01FF4C  06E8               	decf	wreg,f,c
   114  01FF4E  E1FD               	bnz	clear_0
   115  01FF50                     end_of_initialization:
   116                           	callstack 0
   117  01FF50                     __end_of__initialization:
   118                           	callstack 0
   119  01FF50  0100               	movlb	0
   120  01FF52  EFAB  F0FF         	goto	_main	;jump to C main() function
   121                           
   122                           	psect	bssCOMRAM
   123  000501                     __pbssCOMRAM:
   124                           	callstack 0
   125  000501                     _G_u32SystemFlags:
   126                           	callstack 0
   127  000501                     	ds	4
   128  000505                     _G_u32SystemTime1s:
   129                           	callstack 0
   130  000505                     	ds	4
   131  000509                     _G_u32SystemTime1ms:
   132                           	callstack 0
   133  000509                     	ds	4
   134  00050D                     UserAppRun@u16counter:
   135                           	callstack 0
   136  00050D                     	ds	2
   137  00050F                     UserAppRun@u8counter:
   138                           	callstack 0
   139  00050F                     	ds	1
   140  000510                     _G_u8UserAppFlags:
   141                           	callstack 0
   142  000510                     	ds	1
   143                           
   144                           	psect	dataCOMRAM
   145  000511                     __pdataCOMRAM:
   146                           	callstack 0
   147  000511                     UserAppRun@F15926:
   148                           	callstack 0
   149  000511                     	ds	8
   150                           
   151                           	psect	cstackCOMRAM
   152  000519                     __pcstackCOMRAM:
   153                           	callstack 0
   154  000519                     TimeXus@u16Input:
   155                           	callstack 0
   156  000519                     UserAppRun@au8Pattern:
   157                           	callstack 0
   158                           
   159                           ; 8 bytes @ 0x0
   160  000519                     	ds	2
   161  00051B                     TimeXus@u16TimeLeft:
   162                           	callstack 0
   163                           
   164                           ; 2 bytes @ 0x2
   165  00051B                     	ds	6
   166  000521                     
   167                           ; 1 bytes @ 0x8
   168 ;;
   169 ;;Main: autosize = 0, tempsize = 0, incstack = 0, save=0
   170 ;;
   171 ;; *************** function _main *****************
   172 ;; Defined at:
   173 ;;		line 35 in file "main.c"
   174 ;; Parameters:    Size  Location     Type
   175 ;;		None
   176 ;; Auto vars:     Size  Location     Type
   177 ;;		None
   178 ;; Return value:  Size  Location     Type
   179 ;;                  1    wreg      void 
   180 ;; Registers used:
   181 ;;		wreg, fsr1l, fsr1h, fsr2l, fsr2h, status,2, status,0, cstack
   182 ;; Tracked objects:
   183 ;;		On entry : 0/0
   184 ;;		On exit  : 0/0
   185 ;;		Unchanged: 0/0
   186 ;; Data sizes:     COMRAM   BANK5   BANK6   BANK7   BANK8   BANK9  BANK10  BANK11  BANK12  BANK13  BANK14  BANK15  BANK1
      +6  BANK17  BANK18  BANK19  BANK20  BANK21  BANK22  BANK23  BANK24  BANK25  BANK26  BANK27  BANK28  BANK29  BANK30  BANK3
      +1  BANK32  BANK33  BANK34  BANK35  BANK36  BANK37
   187 ;;      Params:         0       0       0       0       0       0       0       0       0       0       0       0       
      +0       0       0       0       0       0       0       0       0       0       0       0       0       0       0       
      +0       0       0       0       0       0       0
   188 ;;      Locals:         0       0       0       0       0       0       0       0       0       0       0       0       
      +0       0       0       0       0       0       0       0       0       0       0       0       0       0       0       
      +0       0       0       0       0       0       0
   189 ;;      Temps:          0       0       0       0       0       0       0       0       0       0       0       0       
      +0       0       0       0       0       0       0       0       0       0       0       0       0       0       0       
      +0       0       0       0       0       0       0
   190 ;;      Totals:         0       0       0       0       0       0       0       0       0       0       0       0       
      +0       0       0       0       0       0       0       0       0       0       0       0       0       0       0       
      +0       0       0       0       0       0       0
   191 ;;Total ram usage:        0 bytes
   192 ;; Hardware stack levels required when called:    1
   193 ;; This function calls:
   194 ;;		_ClockSetup
   195 ;;		_GpioSetup
   196 ;;		_SysTickSetup
   197 ;;		_SystemSleep
   198 ;;		_TimeXus
   199 ;;		_UserAppInitialize
   200 ;;		_UserAppRun
   201 ;; This function is called by:
   202 ;;		Startup code after reset
   203 ;; This function uses a non-reentrant model
   204 ;;
   205                           
   206                           	psect	text0
   207  01FF56                     __ptext0:
   208                           	callstack 0
   209  01FF56                     _main:
   210                           	callstack 127
   211  01FF56                     
   212                           ;main.c: 37:   G_u32SystemFlags |= (u32)0x80000000;
   213  01FF56  8E04               	bsf	(_G_u32SystemFlags+3)^(0+1280),7,c	;volatile
   214  01FF58                     
   215                           ;main.c: 40:   ClockSetup();
   216  01FF58  EC5C  F0FF         	call	_ClockSetup	;wreg free
   217  01FF5C                     
   218                           ;main.c: 41:   SysTickSetup();
   219  01FF5C  EC81  F0FF         	call	_SysTickSetup	;wreg free
   220  01FF60                     
   221                           ;main.c: 42:   GpioSetup();
   222  01FF60  EC62  F0FF         	call	_GpioSetup	;wreg free
   223  01FF64                     
   224                           ;main.c: 47:   UserAppInitialize();
   225  01FF64  EC6A  F0FF         	call	_UserAppInitialize	;wreg free
   226  01FF68                     l846:
   227                           
   228                           ;main.c: 53:   {;main.c: 57:     UserAppRun();
   229  01FF68  ECCD  F0FF         	call	_UserAppRun	;wreg free
   230  01FF6C                     
   231                           ;main.c: 61:     (LATA &= 0x7F);
   232  01FF6C  9EBE               	bcf	190,7,c	;volatile
   233  01FF6E                     
   234                           ;main.c: 62:     SystemSleep();
   235  01FF6E  EC5D  F0FF         	call	_SystemSleep	;wreg free
   236  01FF72                     
   237                           ;main.c: 63:     TimeXus(1000);
   238  01FF72  0E03               	movlw	3
   239  01FF74  6E1A               	movwf	(TimeXus@u16Input+1)^(0+1280),c
   240  01FF76  0EE8               	movlw	232
   241  01FF78  6E19               	movwf	TimeXus@u16Input^(0+1280),c
   242  01FF7A  EC72  F0FF         	call	_TimeXus	;wreg free
   243  01FF7E                     l854:
   244                           
   245                           ;main.c: 65:     {;main.c: 66:         if(PIR3 == 0x80)
   246  01FF7E  0E80               	movlw	128
   247  01FF80  18B1               	xorwf	177,w,c	;volatile
   248  01FF82  A4D8               	btfss	status,2,c
   249  01FF84  EFC6  F0FF         	goto	u51
   250  01FF88  EFC8  F0FF         	goto	u50
   251  01FF8C                     u51:
   252  01FF8C  EFBF  F0FF         	goto	l854
   253  01FF90                     u50:
   254  01FF90                     
   255                           ;main.c: 71:     (LATA |= 0x80);
   256  01FF90  8EBE               	bsf	190,7,c	;volatile
   257  01FF92  EFB4  F0FF         	goto	l846
   258  01FF96  EFFE  F0FF         	goto	start
   259  01FF9A                     __end_of_main:
   260                           	callstack 0
   261                           
   262 ;; *************** function _UserAppRun *****************
   263 ;; Defined at:
   264 ;;		line 129 in file "user_app.c"
   265 ;; Parameters:    Size  Location     Type
   266 ;;		None
   267 ;; Auto vars:     Size  Location     Type
   268 ;;  au8Pattern      8    0[COMRAM] unsigned char [8]
   269 ;; Return value:  Size  Location     Type
   270 ;;                  1    wreg      void 
   271 ;; Registers used:
   272 ;;		wreg, fsr1l, fsr1h, fsr2l, fsr2h, status,2, status,0
   273 ;; Tracked objects:
   274 ;;		On entry : 0/0
   275 ;;		On exit  : 0/0
   276 ;;		Unchanged: 0/0
   277 ;; Data sizes:     COMRAM   BANK5   BANK6   BANK7   BANK8   BANK9  BANK10  BANK11  BANK12  BANK13  BANK14  BANK15  BANK1
      +6  BANK17  BANK18  BANK19  BANK20  BANK21  BANK22  BANK23  BANK24  BANK25  BANK26  BANK27  BANK28  BANK29  BANK30  BANK3
      +1  BANK32  BANK33  BANK34  BANK35  BANK36  BANK37
   278 ;;      Params:         0       0       0       0       0       0       0       0       0       0       0       0       
      +0       0       0       0       0       0       0       0       0       0       0       0       0       0       0       
      +0       0       0       0       0       0       0
   279 ;;      Locals:         8       0       0       0       0       0       0       0       0       0       0       0       
      +0       0       0       0       0       0       0       0       0       0       0       0       0       0       0       
      +0       0       0       0       0       0       0
   280 ;;      Temps:          0       0       0       0       0       0       0       0       0       0       0       0       
      +0       0       0       0       0       0       0       0       0       0       0       0       0       0       0       
      +0       0       0       0       0       0       0
   281 ;;      Totals:         8       0       0       0       0       0       0       0       0       0       0       0       
      +0       0       0       0       0       0       0       0       0       0       0       0       0       0       0       
      +0       0       0       0       0       0       0
   282 ;;Total ram usage:        8 bytes
   283 ;; Hardware stack levels used:    1
   284 ;; This function calls:
   285 ;;		Nothing
   286 ;; This function is called by:
   287 ;;		_main
   288 ;; This function uses a non-reentrant model
   289 ;;
   290                           
   291                           	psect	text1
   292  01FF9A                     __ptext1:
   293                           	callstack 0
   294  01FF9A                     _UserAppRun:
   295                           	callstack 127
   296  01FF9A                     
   297                           ;user_app.c: 131:     static u16 u16counter = 0x0000;;user_app.c: 132:     u8 au8Pattern
      +                          [8] = {0x20, 0x08, 0x02, 0x10, 0x04, 0x01, 0x2A, 0x15};
   298  01FF9A  EE21  F111         	lfsr	2,UserAppRun@F15926
   299  01FF9E  EE11  F119         	lfsr	1,UserAppRun@au8Pattern
   300  01FFA2  0E07               	movlw	7
   301  01FFA4                     u11:
   302  01FFA4  C4DB F4E3          	movff	plusw2,plusw1
   303  01FFA8  06E8               	decf	wreg,f,c
   304  01FFAA  E2FC               	bc	u11
   305  01FFAC                     
   306                           ;user_app.c: 133:     static u8 u8counter = 0x00;;user_app.c: 134:     if(u16counter < 0
      +                          x01F4)
   307  01FFAC  0EF4               	movlw	244
   308  01FFAE  5C0D               	subwf	UserAppRun@u16counter^(0+1280),w,c
   309  01FFB0  0E01               	movlw	1
   310  01FFB2  580E               	subwfb	(UserAppRun@u16counter+1)^(0+1280),w,c
   311  01FFB4  B0D8               	btfsc	status,0,c
   312  01FFB6  EFDF  F0FF         	goto	u21
   313  01FFBA  EFE1  F0FF         	goto	u20
   314  01FFBE                     u21:
   315  01FFBE  EFE5  F0FF         	goto	l778
   316  01FFC2                     u20:
   317  01FFC2                     
   318                           ;user_app.c: 135:     {;user_app.c: 136:         u16counter += 0x0001;
   319  01FFC2  4A0D               	infsnz	UserAppRun@u16counter^(0+1280),f,c
   320  01FFC4  2A0E               	incf	(UserAppRun@u16counter+1)^(0+1280),f,c
   321                           
   322                           ;user_app.c: 137:     }
   323  01FFC6  EFFD  F0FF         	goto	l90
   324  01FFCA                     l778:
   325                           
   326                           ;user_app.c: 139:     {;user_app.c: 140:         LATA = au8Pattern[u8counter];
   327  01FFCA  0E19               	movlw	low UserAppRun@au8Pattern
   328  01FFCC  240F               	addwf	UserAppRun@u8counter^(0+1280),w,c
   329  01FFCE  6ED9               	movwf	fsr2l,c
   330  01FFD0  6ADA               	clrf	fsr2h,c
   331  01FFD2  0E05               	movlw	high UserAppRun@au8Pattern
   332  01FFD4  22DA               	addwfc	fsr2h,f,c
   333  01FFD6  50DF               	movf	indf2,w,c
   334  01FFD8  6EBE               	movwf	190,c	;volatile
   335  01FFDA                     
   336                           ;user_app.c: 141:         u8counter += 0x01;
   337  01FFDA  2A0F               	incf	UserAppRun@u8counter^(0+1280),f,c
   338  01FFDC                     
   339                           ;user_app.c: 142:         if(u8counter == 0x08)
   340  01FFDC  0E08               	movlw	8
   341  01FFDE  180F               	xorwf	UserAppRun@u8counter^(0+1280),w,c
   342  01FFE0  A4D8               	btfss	status,2,c
   343  01FFE2  EFF5  F0FF         	goto	u31
   344  01FFE6  EFF7  F0FF         	goto	u30
   345  01FFEA                     u31:
   346  01FFEA  EFF9  F0FF         	goto	l89
   347  01FFEE                     u30:
   348  01FFEE                     
   349                           ;user_app.c: 143:         {;user_app.c: 144:             u8counter = 0x00;
   350  01FFEE  0E00               	movlw	0
   351  01FFF0  6E0F               	movwf	UserAppRun@u8counter^(0+1280),c
   352  01FFF2                     l89:
   353                           
   354                           ;user_app.c: 146:         u16counter = 0x0000;
   355  01FFF2  0E00               	movlw	0
   356  01FFF4  6E0E               	movwf	(UserAppRun@u16counter+1)^(0+1280),c
   357  01FFF6  0E00               	movlw	0
   358  01FFF8  6E0D               	movwf	UserAppRun@u16counter^(0+1280),c
   359  01FFFA                     l90:
   360  01FFFA  0012               	return		;funcret
   361  01FFFC                     __end_of_UserAppRun:
   362                           	callstack 0
   363                           
   364 ;; *************** function _UserAppInitialize *****************
   365 ;; Defined at:
   366 ;;		line 76 in file "user_app.c"
   367 ;; Parameters:    Size  Location     Type
   368 ;;		None
   369 ;; Auto vars:     Size  Location     Type
   370 ;;		None
   371 ;; Return value:  Size  Location     Type
   372 ;;                  1    wreg      void 
   373 ;; Registers used:
   374 ;;		wreg, status,2
   375 ;; Tracked objects:
   376 ;;		On entry : 0/0
   377 ;;		On exit  : 0/0
   378 ;;		Unchanged: 0/0
   379 ;; Data sizes:     COMRAM   BANK5   BANK6   BANK7   BANK8   BANK9  BANK10  BANK11  BANK12  BANK13  BANK14  BANK15  BANK1
      +6  BANK17  BANK18  BANK19  BANK20  BANK21  BANK22  BANK23  BANK24  BANK25  BANK26  BANK27  BANK28  BANK29  BANK30  BANK3
      +1  BANK32  BANK33  BANK34  BANK35  BANK36  BANK37
   380 ;;      Params:         0       0       0       0       0       0       0       0       0       0       0       0       
      +0       0       0       0       0       0       0       0       0       0       0       0       0       0       0       
      +0       0       0       0       0       0       0
   381 ;;      Locals:         0       0       0       0       0       0       0       0       0       0       0       0       
      +0       0       0       0       0       0       0       0       0       0       0       0       0       0       0       
      +0       0       0       0       0       0       0
   382 ;;      Temps:          0       0       0       0       0       0       0       0       0       0       0       0       
      +0       0       0       0       0       0       0       0       0       0       0       0       0       0       0       
      +0       0       0       0       0       0       0
   383 ;;      Totals:         0       0       0       0       0       0       0       0       0       0       0       0       
      +0       0       0       0       0       0       0       0       0       0       0       0       0       0       0       
      +0       0       0       0       0       0       0
   384 ;;Total ram usage:        0 bytes
   385 ;; Hardware stack levels used:    1
   386 ;; This function calls:
   387 ;;		Nothing
   388 ;; This function is called by:
   389 ;;		_main
   390 ;; This function uses a non-reentrant model
   391 ;;
   392                           
   393                           	psect	text2
   394  01FED4                     __ptext2:
   395                           	callstack 0
   396  01FED4                     _UserAppInitialize:
   397                           	callstack 127
   398  01FED4                     
   399                           ;user_app.c: 78:     LATA = 0x80;
   400  01FED4  0E80               	movlw	128
   401  01FED6  6EBE               	movwf	190,c	;volatile
   402                           
   403                           ;user_app.c: 79:     T0CON0 = 0x90;
   404  01FED8  0E90               	movlw	144
   405  01FEDA  0103               	movlb	3	; () banked
   406  01FEDC  6F1A               	movwf	26,b	;volatile
   407                           
   408                           ;user_app.c: 80:     T0CON1 = 0x54;
   409  01FEDE  0E54               	movlw	84
   410  01FEE0  6F1B               	movwf	27,b	;volatile
   411  01FEE2                     
   412                           ; BSR set to: 3
   413  01FEE2  0012               	return		;funcret
   414  01FEE4                     __end_of_UserAppInitialize:
   415                           	callstack 0
   416                           
   417 ;; *************** function _TimeXus *****************
   418 ;; Defined at:
   419 ;;		line 101 in file "user_app.c"
   420 ;; Parameters:    Size  Location     Type
   421 ;;  u16Input        2    0[COMRAM] unsigned short 
   422 ;; Auto vars:     Size  Location     Type
   423 ;;  u16TimeLeft     2    2[COMRAM] unsigned short 
   424 ;; Return value:  Size  Location     Type
   425 ;;                  1    wreg      void 
   426 ;; Registers used:
   427 ;;		wreg, status,2, status,0
   428 ;; Tracked objects:
   429 ;;		On entry : 0/0
   430 ;;		On exit  : 0/0
   431 ;;		Unchanged: 0/0
   432 ;; Data sizes:     COMRAM   BANK5   BANK6   BANK7   BANK8   BANK9  BANK10  BANK11  BANK12  BANK13  BANK14  BANK15  BANK1
      +6  BANK17  BANK18  BANK19  BANK20  BANK21  BANK22  BANK23  BANK24  BANK25  BANK26  BANK27  BANK28  BANK29  BANK30  BANK3
      +1  BANK32  BANK33  BANK34  BANK35  BANK36  BANK37
   433 ;;      Params:         2       0       0       0       0       0       0       0       0       0       0       0       
      +0       0       0       0       0       0       0       0       0       0       0       0       0       0       0       
      +0       0       0       0       0       0       0
   434 ;;      Locals:         2       0       0       0       0       0       0       0       0       0       0       0       
      +0       0       0       0       0       0       0       0       0       0       0       0       0       0       0       
      +0       0       0       0       0       0       0
   435 ;;      Temps:          0       0       0       0       0       0       0       0       0       0       0       0       
      +0       0       0       0       0       0       0       0       0       0       0       0       0       0       0       
      +0       0       0       0       0       0       0
   436 ;;      Totals:         4       0       0       0       0       0       0       0       0       0       0       0       
      +0       0       0       0       0       0       0       0       0       0       0       0       0       0       0       
      +0       0       0       0       0       0       0
   437 ;;Total ram usage:        4 bytes
   438 ;; Hardware stack levels used:    1
   439 ;; This function calls:
   440 ;;		Nothing
   441 ;; This function is called by:
   442 ;;		_main
   443 ;; This function uses a non-reentrant model
   444 ;;
   445                           
   446                           	psect	text3
   447  01FEE4                     __ptext3:
   448                           	callstack 0
   449  01FEE4                     _TimeXus:
   450                           	callstack 127
   451  01FEE4                     
   452                           ;user_app.c: 101: void TimeXus(u16 u16Input);user_app.c: 102: {;user_app.c: 104:     T0C
      +                          ON0 &= 0x7F;
   453  01FEE4  0103               	movlb	3	; () banked
   454  01FEE6  9F1A               	bcf	26,7,b	;volatile
   455  01FEE8                     
   456                           ; BSR set to: 3
   457                           ;user_app.c: 107:     u16 u16TimeLeft = 0xFFFF - u16Input;
   458  01FEE8  1C19               	comf	TimeXus@u16Input^(0+1280),w,c
   459  01FEEA  6E1B               	movwf	TimeXus@u16TimeLeft^(0+1280),c
   460  01FEEC  1C1A               	comf	(TimeXus@u16Input+1)^(0+1280),w,c
   461  01FEEE  6E1C               	movwf	(TimeXus@u16TimeLeft+1)^(0+1280),c
   462  01FEF0                     
   463                           ; BSR set to: 3
   464                           ;user_app.c: 108:     TMR0H = u16TimeLeft >> 8;
   465  01FEF0  501C               	movf	(TimeXus@u16TimeLeft+1)^(0+1280),w,c
   466  01FEF2  6F19               	movwf	25,b	;volatile
   467  01FEF4                     
   468                           ; BSR set to: 3
   469                           ;user_app.c: 109:     TMR0L = u16TimeLeft & 0x0F;
   470  01FEF4  501B               	movf	TimeXus@u16TimeLeft^(0+1280),w,c
   471  01FEF6  0B0F               	andlw	15
   472  01FEF8  6F18               	movwf	24,b	;volatile
   473  01FEFA                     
   474                           ; BSR set to: 3
   475                           ;user_app.c: 112:     PIR3 &= 0x7F;
   476  01FEFA  9EB1               	bcf	177,7,c	;volatile
   477  01FEFC                     
   478                           ; BSR set to: 3
   479                           ;user_app.c: 113:     T0CON0 += 0x80;
   480  01FEFC  0E80               	movlw	128
   481  01FEFE  271A               	addwf	26,f,b	;volatile
   482  01FF00                     
   483                           ; BSR set to: 3
   484  01FF00  0012               	return		;funcret
   485  01FF02                     __end_of_TimeXus:
   486                           	callstack 0
   487                           
   488 ;; *************** function _SystemSleep *****************
   489 ;; Defined at:
   490 ;;		line 131 in file "encm369_pic18.c"
   491 ;; Parameters:    Size  Location     Type
   492 ;;		None
   493 ;; Auto vars:     Size  Location     Type
   494 ;;		None
   495 ;; Return value:  Size  Location     Type
   496 ;;                  1    wreg      void 
   497 ;; Registers used:
   498 ;;		None
   499 ;; Tracked objects:
   500 ;;		On entry : 0/0
   501 ;;		On exit  : 0/0
   502 ;;		Unchanged: 0/0
   503 ;; Data sizes:     COMRAM   BANK5   BANK6   BANK7   BANK8   BANK9  BANK10  BANK11  BANK12  BANK13  BANK14  BANK15  BANK1
      +6  BANK17  BANK18  BANK19  BANK20  BANK21  BANK22  BANK23  BANK24  BANK25  BANK26  BANK27  BANK28  BANK29  BANK30  BANK3
      +1  BANK32  BANK33  BANK34  BANK35  BANK36  BANK37
   504 ;;      Params:         0       0       0       0       0       0       0       0       0       0       0       0       
      +0       0       0       0       0       0       0       0       0       0       0       0       0       0       0       
      +0       0       0       0       0       0       0
   505 ;;      Locals:         0       0       0       0       0       0       0       0       0       0       0       0       
      +0       0       0       0       0       0       0       0       0       0       0       0       0       0       0       
      +0       0       0       0       0       0       0
   506 ;;      Temps:          0       0       0       0       0       0       0       0       0       0       0       0       
      +0       0       0       0       0       0       0       0       0       0       0       0       0       0       0       
      +0       0       0       0       0       0       0
   507 ;;      Totals:         0       0       0       0       0       0       0       0       0       0       0       0       
      +0       0       0       0       0       0       0       0       0       0       0       0       0       0       0       
      +0       0       0       0       0       0       0
   508 ;;Total ram usage:        0 bytes
   509 ;; Hardware stack levels used:    1
   510 ;; This function calls:
   511 ;;		Nothing
   512 ;; This function is called by:
   513 ;;		_main
   514 ;; This function uses a non-reentrant model
   515 ;;
   516                           
   517                           	psect	text4
   518  01FEBA                     __ptext4:
   519                           	callstack 0
   520  01FEBA                     _SystemSleep:
   521                           	callstack 127
   522  01FEBA  0012               	return		;funcret
   523  01FEBC                     __end_of_SystemSleep:
   524                           	callstack 0
   525                           
   526 ;; *************** function _SysTickSetup *****************
   527 ;; Defined at:
   528 ;;		line 109 in file "encm369_pic18.c"
   529 ;; Parameters:    Size  Location     Type
   530 ;;		None
   531 ;; Auto vars:     Size  Location     Type
   532 ;;		None
   533 ;; Return value:  Size  Location     Type
   534 ;;                  1    wreg      void 
   535 ;; Registers used:
   536 ;;		wreg, status,2
   537 ;; Tracked objects:
   538 ;;		On entry : 0/0
   539 ;;		On exit  : 0/0
   540 ;;		Unchanged: 0/0
   541 ;; Data sizes:     COMRAM   BANK5   BANK6   BANK7   BANK8   BANK9  BANK10  BANK11  BANK12  BANK13  BANK14  BANK15  BANK1
      +6  BANK17  BANK18  BANK19  BANK20  BANK21  BANK22  BANK23  BANK24  BANK25  BANK26  BANK27  BANK28  BANK29  BANK30  BANK3
      +1  BANK32  BANK33  BANK34  BANK35  BANK36  BANK37
   542 ;;      Params:         0       0       0       0       0       0       0       0       0       0       0       0       
      +0       0       0       0       0       0       0       0       0       0       0       0       0       0       0       
      +0       0       0       0       0       0       0
   543 ;;      Locals:         0       0       0       0       0       0       0       0       0       0       0       0       
      +0       0       0       0       0       0       0       0       0       0       0       0       0       0       0       
      +0       0       0       0       0       0       0
   544 ;;      Temps:          0       0       0       0       0       0       0       0       0       0       0       0       
      +0       0       0       0       0       0       0       0       0       0       0       0       0       0       0       
      +0       0       0       0       0       0       0
   545 ;;      Totals:         0       0       0       0       0       0       0       0       0       0       0       0       
      +0       0       0       0       0       0       0       0       0       0       0       0       0       0       0       
      +0       0       0       0       0       0       0
   546 ;;Total ram usage:        0 bytes
   547 ;; Hardware stack levels used:    1
   548 ;; This function calls:
   549 ;;		Nothing
   550 ;; This function is called by:
   551 ;;		_main
   552 ;; This function uses a non-reentrant model
   553 ;;
   554                           
   555                           	psect	text5
   556  01FF02                     __ptext5:
   557                           	callstack 0
   558  01FF02                     _SysTickSetup:
   559                           	callstack 127
   560  01FF02                     
   561                           ;encm369_pic18.c: 111:   G_u32SystemTime1ms = 0;
   562  01FF02  0E00               	movlw	0
   563  01FF04  6E09               	movwf	_G_u32SystemTime1ms^(0+1280),c	;volatile
   564  01FF06  0E00               	movlw	0
   565  01FF08  6E0A               	movwf	(_G_u32SystemTime1ms+1)^(0+1280),c	;volatile
   566  01FF0A  0E00               	movlw	0
   567  01FF0C  6E0B               	movwf	(_G_u32SystemTime1ms+2)^(0+1280),c	;volatile
   568  01FF0E  0E00               	movlw	0
   569  01FF10  6E0C               	movwf	(_G_u32SystemTime1ms+3)^(0+1280),c	;volatile
   570                           
   571                           ;encm369_pic18.c: 112:   G_u32SystemTime1s = 0;
   572  01FF12  0E00               	movlw	0
   573  01FF14  6E05               	movwf	_G_u32SystemTime1s^(0+1280),c	;volatile
   574  01FF16  0E00               	movlw	0
   575  01FF18  6E06               	movwf	(_G_u32SystemTime1s+1)^(0+1280),c	;volatile
   576  01FF1A  0E00               	movlw	0
   577  01FF1C  6E07               	movwf	(_G_u32SystemTime1s+2)^(0+1280),c	;volatile
   578  01FF1E  0E00               	movlw	0
   579  01FF20  6E08               	movwf	(_G_u32SystemTime1s+3)^(0+1280),c	;volatile
   580  01FF22  0012               	return		;funcret
   581  01FF24                     __end_of_SysTickSetup:
   582                           	callstack 0
   583                           
   584 ;; *************** function _GpioSetup *****************
   585 ;; Defined at:
   586 ;;		line 89 in file "encm369_pic18.c"
   587 ;; Parameters:    Size  Location     Type
   588 ;;		None
   589 ;; Auto vars:     Size  Location     Type
   590 ;;		None
   591 ;; Return value:  Size  Location     Type
   592 ;;                  1    wreg      void 
   593 ;; Registers used:
   594 ;;		wreg, status,2
   595 ;; Tracked objects:
   596 ;;		On entry : 0/0
   597 ;;		On exit  : 0/0
   598 ;;		Unchanged: 0/0
   599 ;; Data sizes:     COMRAM   BANK5   BANK6   BANK7   BANK8   BANK9  BANK10  BANK11  BANK12  BANK13  BANK14  BANK15  BANK1
      +6  BANK17  BANK18  BANK19  BANK20  BANK21  BANK22  BANK23  BANK24  BANK25  BANK26  BANK27  BANK28  BANK29  BANK30  BANK3
      +1  BANK32  BANK33  BANK34  BANK35  BANK36  BANK37
   600 ;;      Params:         0       0       0       0       0       0       0       0       0       0       0       0       
      +0       0       0       0       0       0       0       0       0       0       0       0       0       0       0       
      +0       0       0       0       0       0       0
   601 ;;      Locals:         0       0       0       0       0       0       0       0       0       0       0       0       
      +0       0       0       0       0       0       0       0       0       0       0       0       0       0       0       
      +0       0       0       0       0       0       0
   602 ;;      Temps:          0       0       0       0       0       0       0       0       0       0       0       0       
      +0       0       0       0       0       0       0       0       0       0       0       0       0       0       0       
      +0       0       0       0       0       0       0
   603 ;;      Totals:         0       0       0       0       0       0       0       0       0       0       0       0       
      +0       0       0       0       0       0       0       0       0       0       0       0       0       0       0       
      +0       0       0       0       0       0       0
   604 ;;Total ram usage:        0 bytes
   605 ;; Hardware stack levels used:    1
   606 ;; This function calls:
   607 ;;		Nothing
   608 ;; This function is called by:
   609 ;;		_main
   610 ;; This function uses a non-reentrant model
   611 ;;
   612                           
   613                           	psect	text6
   614  01FEC4                     __ptext6:
   615                           	callstack 0
   616  01FEC4                     _GpioSetup:
   617                           	callstack 127
   618  01FEC4                     
   619                           ;encm369_pic18.c: 91:     LATA = 0x00;
   620  01FEC4  0E00               	movlw	0
   621  01FEC6  6EBE               	movwf	190,c	;volatile
   622                           
   623                           ;encm369_pic18.c: 92:     TRISA = 0x00;
   624  01FEC8  0E00               	movlw	0
   625  01FECA  6EC6               	movwf	198,c	;volatile
   626                           
   627                           ;encm369_pic18.c: 93:     ANSELA = 0x00;
   628  01FECC  0E00               	movlw	0
   629  01FECE  0104               	movlb	4	; () banked
   630  01FED0  6F00               	movwf	0,b	;volatile
   631  01FED2                     
   632                           ; BSR set to: 4
   633  01FED2  0012               	return		;funcret
   634  01FED4                     __end_of_GpioSetup:
   635                           	callstack 0
   636                           
   637 ;; *************** function _ClockSetup *****************
   638 ;; Defined at:
   639 ;;		line 70 in file "encm369_pic18.c"
   640 ;; Parameters:    Size  Location     Type
   641 ;;		None
   642 ;; Auto vars:     Size  Location     Type
   643 ;;		None
   644 ;; Return value:  Size  Location     Type
   645 ;;                  1    wreg      void 
   646 ;; Registers used:
   647 ;;		None
   648 ;; Tracked objects:
   649 ;;		On entry : 0/0
   650 ;;		On exit  : 0/0
   651 ;;		Unchanged: 0/0
   652 ;; Data sizes:     COMRAM   BANK5   BANK6   BANK7   BANK8   BANK9  BANK10  BANK11  BANK12  BANK13  BANK14  BANK15  BANK1
      +6  BANK17  BANK18  BANK19  BANK20  BANK21  BANK22  BANK23  BANK24  BANK25  BANK26  BANK27  BANK28  BANK29  BANK30  BANK3
      +1  BANK32  BANK33  BANK34  BANK35  BANK36  BANK37
   653 ;;      Params:         0       0       0       0       0       0       0       0       0       0       0       0       
      +0       0       0       0       0       0       0       0       0       0       0       0       0       0       0       
      +0       0       0       0       0       0       0
   654 ;;      Locals:         0       0       0       0       0       0       0       0       0       0       0       0       
      +0       0       0       0       0       0       0       0       0       0       0       0       0       0       0       
      +0       0       0       0       0       0       0
   655 ;;      Temps:          0       0       0       0       0       0       0       0       0       0       0       0       
      +0       0       0       0       0       0       0       0       0       0       0       0       0       0       0       
      +0       0       0       0       0       0       0
   656 ;;      Totals:         0       0       0       0       0       0       0       0       0       0       0       0       
      +0       0       0       0       0       0       0       0       0       0       0       0       0       0       0       
      +0       0       0       0       0       0       0
   657 ;;Total ram usage:        0 bytes
   658 ;; Hardware stack levels used:    1
   659 ;; This function calls:
   660 ;;		Nothing
   661 ;; This function is called by:
   662 ;;		_main
   663 ;; This function uses a non-reentrant model
   664 ;;
   665                           
   666                           	psect	text7
   667  01FEB8                     __ptext7:
   668                           	callstack 0
   669  01FEB8                     _ClockSetup:
   670                           	callstack 127
   671  01FEB8  0012               	return		;funcret
   672  01FEBA                     __end_of_ClockSetup:
   673                           	callstack 0
   674  0000                     
   675                           	psect	rparam
   676  0000                     
   677                           	psect	idloc
   678                           
   679                           ;Config register IDLOC0 @ 0x200000
   680                           ;	unspecified, using default values
   681  200000                     	org	2097152
   682  200000  0FFF               	dw	4095
   683                           
   684                           ;Config register IDLOC1 @ 0x200002
   685                           ;	unspecified, using default values
   686  200002                     	org	2097154
   687  200002  0FFF               	dw	4095
   688                           
   689                           ;Config register IDLOC2 @ 0x200004
   690                           ;	unspecified, using default values
   691  200004                     	org	2097156
   692  200004  0FFF               	dw	4095
   693                           
   694                           ;Config register IDLOC3 @ 0x200006
   695                           ;	unspecified, using default values
   696  200006                     	org	2097158
   697  200006  0FFF               	dw	4095
   698                           
   699                           ;Config register IDLOC4 @ 0x200008
   700                           ;	unspecified, using default values
   701  200008                     	org	2097160
   702  200008  0FFF               	dw	4095
   703                           
   704                           ;Config register IDLOC5 @ 0x20000A
   705                           ;	unspecified, using default values
   706  20000A                     	org	2097162
   707  20000A  0FFF               	dw	4095
   708                           
   709                           ;Config register IDLOC6 @ 0x20000C
   710                           ;	unspecified, using default values
   711  20000C                     	org	2097164
   712  20000C  0FFF               	dw	4095
   713                           
   714                           ;Config register IDLOC7 @ 0x20000E
   715                           ;	unspecified, using default values
   716  20000E                     	org	2097166
   717  20000E  0FFF               	dw	4095
   718                           
   719                           ;Config register IDLOC8 @ 0x200010
   720                           ;	unspecified, using default values
   721  200010                     	org	2097168
   722  200010  0FFF               	dw	4095
   723                           
   724                           ;Config register IDLOC9 @ 0x200012
   725                           ;	unspecified, using default values
   726  200012                     	org	2097170
   727  200012  0FFF               	dw	4095
   728                           
   729                           ;Config register IDLOC10 @ 0x200014
   730                           ;	unspecified, using default values
   731  200014                     	org	2097172
   732  200014  0FFF               	dw	4095
   733                           
   734                           ;Config register IDLOC11 @ 0x200016
   735                           ;	unspecified, using default values
   736  200016                     	org	2097174
   737  200016  0FFF               	dw	4095
   738                           
   739                           ;Config register IDLOC12 @ 0x200018
   740                           ;	unspecified, using default values
   741  200018                     	org	2097176
   742  200018  0FFF               	dw	4095
   743                           
   744                           ;Config register IDLOC13 @ 0x20001A
   745                           ;	unspecified, using default values
   746  20001A                     	org	2097178
   747  20001A  0FFF               	dw	4095
   748                           
   749                           ;Config register IDLOC14 @ 0x20001C
   750                           ;	unspecified, using default values
   751  20001C                     	org	2097180
   752  20001C  0FFF               	dw	4095
   753                           
   754                           ;Config register IDLOC15 @ 0x20001E
   755                           ;	unspecified, using default values
   756  20001E                     	org	2097182
   757  20001E  0FFF               	dw	4095
   758                           
   759                           	psect	config
   760                           
   761                           ;Config register CONFIG1 @ 0x300000
   762                           ;	External Oscillator Selection
   763                           ;	FEXTOSC = OFF, Oscillator not enabled
   764                           ;	Reset Oscillator Selection
   765                           ;	RSTOSC = HFINTOSC_64MHZ, HFINTOSC with HFFRQ = 64 MHz and CDIV = 1:1
   766  300000                     	org	3145728
   767  300000  8C                 	db	140
   768                           
   769                           ;Config register CONFIG2 @ 0x300001
   770                           ;	Clock out Enable bit
   771                           ;	CLKOUTEN = ON, CLKOUT function is enabled
   772                           ;	PRLOCKED One-Way Set Enable bit
   773                           ;	PR1WAY = ON, PRLOCKED bit can be cleared and set only once
   774                           ;	Clock Switch Enable bit
   775                           ;	CSWEN = ON, Writing to NOSC and NDIV is allowed
   776                           ;	Fail-Safe Clock Monitor Enable bit
   777                           ;	FCMEN = ON, Fail-Safe Clock Monitor enabled
   778  300001                     	org	3145729
   779  300001  FE                 	db	254
   780                           
   781                           ;Config register CONFIG3 @ 0x300002
   782                           ;	MCLR Enable bit
   783                           ;	MCLRE = EXTMCLR, If LVP = 0, MCLR pin is MCLR; If LVP = 1, RE3 pin function is MCLR
   784                           ;	Power-up timer selection bits
   785                           ;	PWRTS = PWRT_OFF, PWRT is disabled
   786                           ;	Multi-vector enable bit
   787                           ;	MVECEN = ON, Multi-vector enabled, Vector table used for interrupts
   788                           ;	IVTLOCK bit One-way set enable bit
   789                           ;	IVT1WAY = ON, IVTLOCKED bit can be cleared and set only once
   790                           ;	Low Power BOR Enable bit
   791                           ;	LPBOREN = OFF, Low-Power BOR disabled
   792                           ;	Brown-out Reset Enable bits
   793                           ;	BOREN = SBORDIS, Brown-out Reset enabled , SBOREN bit is ignored
   794  300002                     	org	3145730
   795  300002  FF                 	db	255
   796                           
   797                           ;Config register CONFIG4 @ 0x300003
   798                           ;	Brown-out Reset Voltage Selection bits
   799                           ;	BORV = VBOR_2P85, Brown-out Reset Voltage (VBOR) set to 2.8V
   800                           ;	ZCD Disable bit
   801                           ;	ZCD = OFF, ZCD module is disabled. ZCD can be enabled by setting the ZCDSEN bit of ZCD
      +                          CON
   802                           ;	PPSLOCK bit One-Way Set Enable bit
   803                           ;	PPS1WAY = ON, PPSLOCKED bit can be cleared and set only once; PPS registers remain loc
      +                          ked after one clear/set cycle
   804                           ;	Stack Full/Underflow Reset Enable bit
   805                           ;	STVREN = ON, Stack full/underflow will cause Reset
   806                           ;	Low Voltage Programming Enable bit
   807                           ;	LVP = ON, Low voltage programming enabled. MCLR/VPP pin function is MCLR. MCLRE config
      +                          uration bit is ignored
   808                           ;	Extended Instruction Set Enable bit
   809                           ;	XINST = OFF, Extended Instruction Set and Indexed Addressing Mode disabled
   810  300003                     	org	3145731
   811  300003  FC                 	db	252
   812                           
   813                           ;Config register CONFIG5 @ 0x300004
   814                           ;	WDT Period selection bits
   815                           ;	WDTCPS = WDTCPS_31, Divider ratio 1:65536; software control of WDTPS
   816                           ;	WDT operating mode
   817                           ;	WDTE = OFF, WDT Disabled; SWDTEN is ignored
   818  300004                     	org	3145732
   819  300004  9F                 	db	159
   820                           
   821                           ;Config register CONFIG6 @ 0x300005
   822                           ;	WDT Window Select bits
   823                           ;	WDTCWS = WDTCWS_7, window always open (100%); software control; keyed access not requi
      +                          red
   824                           ;	WDT input clock selector
   825                           ;	WDTCCS = SC, Software Control
   826  300005                     	org	3145733
   827  300005  FF                 	db	255
   828                           
   829                           ;Config register CONFIG7 @ 0x300006
   830                           ;	Boot Block Size selection bits
   831                           ;	BBSIZE = BBSIZE_512, Boot Block size is 512 words
   832                           ;	Boot Block enable bit
   833                           ;	BBEN = OFF, Boot block disabled
   834                           ;	Storage Area Flash enable bit
   835                           ;	SAFEN = OFF, SAF disabled
   836                           ;	Background Debugger
   837                           ;	DEBUG = OFF, Background Debugger disabled
   838  300006                     	org	3145734
   839  300006  FF                 	db	255
   840                           
   841                           ;Config register CONFIG8 @ 0x300007
   842                           ;	Boot Block Write Protection bit
   843                           ;	WRTB = OFF, Boot Block not Write protected
   844                           ;	Configuration Register Write Protection bit
   845                           ;	WRTC = OFF, Configuration registers not Write protected
   846                           ;	Data EEPROM Write Protection bit
   847                           ;	WRTD = OFF, Data EEPROM not Write protected
   848                           ;	SAF Write protection bit
   849                           ;	WRTSAF = OFF, SAF not Write Protected
   850                           ;	Application Block write protection bit
   851                           ;	WRTAPP = OFF, Application Block not write protected
   852  300007                     	org	3145735
   853  300007  FF                 	db	255
   854                           
   855                           ; Padding undefined space
   856  300008                     	org	3145736
   857  300008  FF                 	db	255
   858                           
   859                           ;Config register CONFIG10 @ 0x300009
   860                           ;	PFM and Data EEPROM Code Protection bit
   861                           ;	CP = OFF, PFM and Data EEPROM code protection disabled
   862  300009                     	org	3145737
   863  300009  FF                 	db	255
   864                           tosu	equ	0x4FF
   865                           tosh	equ	0x4FE
   866                           tosl	equ	0x4FD
   867                           stkptr	equ	0x4FC
   868                           pclatu	equ	0x4FB
   869                           pclath	equ	0x4FA
   870                           pcl	equ	0x4F9
   871                           tblptru	equ	0x4F8
   872                           tblptrh	equ	0x4F7
   873                           tblptrl	equ	0x4F6
   874                           tablat	equ	0x4F5
   875                           prodh	equ	0x4F4
   876                           prodl	equ	0x4F3
   877                           indf0	equ	0x4EF
   878                           postinc0	equ	0x4EE
   879                           postdec0	equ	0x4ED
   880                           preinc0	equ	0x4EC
   881                           plusw0	equ	0x4EB
   882                           fsr0h	equ	0x4EA
   883                           fsr0l	equ	0x4E9
   884                           wreg	equ	0x4E8
   885                           indf1	equ	0x4E7
   886                           postinc1	equ	0x4E6
   887                           postdec1	equ	0x4E5
   888                           preinc1	equ	0x4E4
   889                           plusw1	equ	0x4E3
   890                           fsr1h	equ	0x4E2
   891                           fsr1l	equ	0x4E1
   892                           bsr	equ	0x4E0
   893                           indf2	equ	0x4DF
   894                           postinc2	equ	0x4DE
   895                           postdec2	equ	0x4DD
   896                           preinc2	equ	0x4DC
   897                           plusw2	equ	0x4DB
   898                           fsr2h	equ	0x4DA
   899                           fsr2l	equ	0x4D9
   900                           status	equ	0x4D8

Data Sizes:
    Strings     0
    Constant    0
    Data        8
    BSS         16
    Persistent  0
    Stack       0

Auto Spaces:
    Space          Size  Autos    Used
    COMRAM           95      8      32
    BANK5           160      0       0
    BANK6           256      0       0
    BANK7           256      0       0
    BANK8           256      0       0
    BANK9           256      0       0
    BANK10          256      0       0
    BANK11          256      0       0
    BANK12          256      0       0
    BANK13          256      0       0
    BANK14          256      0       0
    BANK15          256      0       0
    BANK16          256      0       0
    BANK17          256      0       0
    BANK18          256      0       0
    BANK19          256      0       0
    BANK20          256      0       0
    BANK21          256      0       0
    BANK22          256      0       0
    BANK23          256      0       0
    BANK24          256      0       0
    BANK25          256      0       0
    BANK26          256      0       0
    BANK27          256      0       0
    BANK28          256      0       0
    BANK29          256      0       0
    BANK30          256      0       0
    BANK31          256      0       0
    BANK32          256      0       0
    BANK33          256      0       0
    BANK34          256      0       0
    BANK35          256      0       0
    BANK36          256      0       0
    BANK37          256      0       0

Pointer List with Targets:

    None.

Critical Paths under _main in COMRAM

    _main->_UserAppRun

Critical Paths under _main in BANK5

    None.

Critical Paths under _main in BANK6

    None.

Critical Paths under _main in BANK7

    None.

Critical Paths under _main in BANK8

    None.

Critical Paths under _main in BANK9

    None.

Critical Paths under _main in BANK10

    None.

Critical Paths under _main in BANK11

    None.

Critical Paths under _main in BANK12

    None.

Critical Paths under _main in BANK13

    None.

Critical Paths under _main in BANK14

    None.

Critical Paths under _main in BANK15

    None.

Critical Paths under _main in BANK16

    None.

Critical Paths under _main in BANK17

    None.

Critical Paths under _main in BANK18

    None.

Critical Paths under _main in BANK19

    None.

Critical Paths under _main in BANK20

    None.

Critical Paths under _main in BANK21

    None.

Critical Paths under _main in BANK22

    None.

Critical Paths under _main in BANK23

    None.

Critical Paths under _main in BANK24

    None.

Critical Paths under _main in BANK25

    None.

Critical Paths under _main in BANK26

    None.

Critical Paths under _main in BANK27

    None.

Critical Paths under _main in BANK28

    None.

Critical Paths under _main in BANK29

    None.

Critical Paths under _main in BANK30

    None.

Critical Paths under _main in BANK31

    None.

Critical Paths under _main in BANK32

    None.

Critical Paths under _main in BANK33

    None.

Critical Paths under _main in BANK34

    None.

Critical Paths under _main in BANK35

    None.

Critical Paths under _main in BANK36

    None.

Critical Paths under _main in BANK37

    None.

Call Graph Tables:

 ---------------------------------------------------------------------------------
 (Depth) Function   	        Calls       Base Space   Used Autos Params    Refs
 ---------------------------------------------------------------------------------
 (0) _main                                                 0     0      0     158
                         _ClockSetup
                          _GpioSetup
                       _SysTickSetup
                        _SystemSleep
                            _TimeXus
                  _UserAppInitialize
                         _UserAppRun
 ---------------------------------------------------------------------------------
 (1) _UserAppRun                                           8     8      0      15
                                              0 COMRAM     8     8      0
 ---------------------------------------------------------------------------------
 (1) _UserAppInitialize                                    0     0      0       0
 ---------------------------------------------------------------------------------
 (1) _TimeXus                                              4     2      2     143
                                              0 COMRAM     4     2      2
 ---------------------------------------------------------------------------------
 (1) _SystemSleep                                          0     0      0       0
 ---------------------------------------------------------------------------------
 (1) _SysTickSetup                                         0     0      0       0
 ---------------------------------------------------------------------------------
 (1) _GpioSetup                                            0     0      0       0
 ---------------------------------------------------------------------------------
 (1) _ClockSetup                                           0     0      0       0
 ---------------------------------------------------------------------------------
 Estimated maximum stack depth 1
 ---------------------------------------------------------------------------------

 Call Graph Graphs:

 _main (ROOT)
   _ClockSetup
   _GpioSetup
   _SysTickSetup
   _SystemSleep
   _TimeXus
   _UserAppInitialize
   _UserAppRun

 Address spaces:
Name               Size   Autos  Total    Cost      Usage
BIGRAM            20FF      0       0      71        0.0%
EEDATA             400      0       0       0        0.0%
BITBANK37          100      0       0      70        0.0%
BANK37             100      0       0      68        0.0%
BITBANK36          100      0       0      66        0.0%
BANK36             100      0       0      67        0.0%
BITBANK35          100      0       0      64        0.0%
BANK35             100      0       0      65        0.0%
BITBANK34          100      0       0      62        0.0%
BANK34             100      0       0      63        0.0%
BITBANK33          100      0       0      60        0.0%
BANK33             100      0       0      61        0.0%
BITBANK32          100      0       0      58        0.0%
BANK32             100      0       0      59        0.0%
BITBANK31          100      0       0      56        0.0%
BANK31             100      0       0      57        0.0%
BITBANK30          100      0       0      54        0.0%
BANK30             100      0       0      55        0.0%
BITBANK29          100      0       0      52        0.0%
BANK29             100      0       0      53        0.0%
BITBANK28          100      0       0      50        0.0%
BANK28             100      0       0      51        0.0%
BITBANK27          100      0       0      48        0.0%
BANK27             100      0       0      49        0.0%
BITBANK26          100      0       0      46        0.0%
BANK26             100      0       0      47        0.0%
BITBANK25          100      0       0      44        0.0%
BANK25             100      0       0      45        0.0%
BITBANK24          100      0       0      42        0.0%
BANK24             100      0       0      43        0.0%
BITBANK23          100      0       0      40        0.0%
BANK23             100      0       0      41        0.0%
BITBANK22          100      0       0      38        0.0%
BANK22             100      0       0      39        0.0%
BITBANK21          100      0       0      36        0.0%
BANK21             100      0       0      37        0.0%
BITBANK20          100      0       0      34        0.0%
BANK20             100      0       0      35        0.0%
BITBANK19          100      0       0      32        0.0%
BANK19             100      0       0      33        0.0%
BITBANK18          100      0       0      30        0.0%
BANK18             100      0       0      31        0.0%
BITBANK17          100      0       0      28        0.0%
BANK17             100      0       0      29        0.0%
BITBANK16          100      0       0      26        0.0%
BANK16             100      0       0      27        0.0%
BITBANK15          100      0       0      24        0.0%
BANK15             100      0       0      25        0.0%
BITBANK14          100      0       0      22        0.0%
BANK14             100      0       0      23        0.0%
BITBANK13          100      0       0      20        0.0%
BANK13             100      0       0      21        0.0%
BITBANK12          100      0       0      18        0.0%
BANK12             100      0       0      19        0.0%
BITBANK11          100      0       0      16        0.0%
BANK11             100      0       0      17        0.0%
BITBANK10          100      0       0      14        0.0%
BANK10             100      0       0      15        0.0%
BITBANK9           100      0       0      12        0.0%
BANK9              100      0       0      13        0.0%
BITBANK8           100      0       0      10        0.0%
BANK8              100      0       0      11        0.0%
BITBANK7           100      0       0       8        0.0%
BANK7              100      0       0       9        0.0%
BITBANK6           100      0       0       6        0.0%
BANK6              100      0       0       7        0.0%
BITBANK5            A0      0       0       4        0.0%
BANK5               A0      0       0       5        0.0%
BITCOMRAM           5F      0       0       0        0.0%
COMRAM              5F      8      20       1       33.7%
BITSFR_5             0      0       0     200        0.0%
SFR_5                0      0       0     200        0.0%
BITSFR_4             0      0       0     200        0.0%
SFR_4                0      0       0     200        0.0%
BITSFR_3             0      0       0     200        0.0%
SFR_3                0      0       0     200        0.0%
BITSFR_2             0      0       0     200        0.0%
SFR_2                0      0       0     200        0.0%
BITSFR_1             0      0       0     200        0.0%
SFR_1                0      0       0     200        0.0%
BITSFR               0      0       0     200        0.0%
SFR                  0      0       0     200        0.0%
STACK                0      0       0       2        0.0%
NULL                 0      0       0       0        0.0%
ABS                  0      0      20      69        0.0%
DATA                 0      0      20       3        0.0%
CODE                 0      0       0       0        0.0%


Microchip Technology PIC18 Macro Assembler V2.31 build 20201012212115 
Symbol Table                                                                                   Thu Mar 04 18:43:30 2021

     __size_of_SysTickSetup 0022                          l13 FEB8                          l22 FEBA  
                        l16 FED2                          l19 FF22                          l90 FFFA  
                        l75 FEE2                          l78 FF00                          l89 FFF2  
                        u11 FFA4                          u20 FFC2                          u21 FFBE  
                        u30 FFEE                          u31 FFEA                          u50 FF90  
                        u51 FF8C                         l822 FF02                         l830 FEF4  
                       l832 FEFA                         l824 FEE4                         l840 FF5C  
                       l834 FEFC                         l826 FEE8                         l770 FED4  
                       l850 FF6E                         l842 FF60                         l828 FEF0  
                       l780 FFDA                         l772 FF9A                         l852 FF72  
                       l844 FF64                         l836 FF56                         l766 FEC4  
                       l782 FFDC                         l774 FFAC                         l854 FF7E  
                       l846 FF68                         l838 FF58                         l784 FFEE  
                       l776 FFC2                         l848 FF6C                         l778 FFCA  
                       l858 FF90                         wreg 0004E8                        _LATA 0004BE  
                      _PIR3 0004B1                        _main FF56                _SysTickSetup FF02  
                      indf2 0004DF                        fsr1l 0004E1                        fsr2l 0004D9  
                      start FFFC        __size_of_SystemSleep 0002                ___param_bank 000000  
                _ClockSetup FEB8             __end_of_TimeXus FF02                       ?_main 0519  
                     _TMR0H 000319                       _TMR0L 000318                       _TRISA 0004C6  
                     tablat 0004F5                       plusw1 0004E3                       plusw2 0004DB  
                     status 0004D8             TimeXus@u16Input 0519             __initialization FF24  
              __end_of_main FF9A                      ??_main 0521               __activetblptr 000000  
                    _ANSELA 000400                      _T0CON0 00031A                      _T0CON1 00031B  
        __size_of_GpioSetup 0010                   ??_TimeXus 051B                 ?_ClockSetup 0519  
                    clear_0 FF4A                __pdataCOMRAM 0511                      tblptrh 0004F7  
                    tblptrl 0004F6                      tblptru 0004F8                  _UserAppRun FF9A  
                __accesstop 0560     __end_of__initialization FF50               ___rparam_used 000001  
          _G_u8UserAppFlags 0510              __pcstackCOMRAM 0519           __end_of_GpioSetup FED4  
       __size_of_ClockSetup 0002                 ?_UserAppRun 0519               ??_SystemSleep 0519  
                   __Hparam 0000                     __Lparam 0000                     _TimeXus FEE4  
                   __pcinit FF24                     __ramtop 2600                     __ptext0 FF56  
                   __ptext1 FF9A                     __ptext2 FED4                     __ptext3 FEE4  
                   __ptext4 FEBA                     __ptext5 FF02                     __ptext6 FEC4  
                   __ptext7 FEB8        end_of_initialization FF50            _G_u32SystemFlags 0501  
                   postdec1 0004E5                     postinc0 0004EE         __end_of_SystemSleep FEBC  
              ??_ClockSetup 0519         __size_of_UserAppRun 0062          __end_of_ClockSetup FEBA  
             __pidataCOMRAM FEBC        UserAppRun@u16counter 050D                   _GpioSetup FEC4  
       start_initialization FF24               ?_SysTickSetup 0519                 _SystemSleep FEBA  
                ?_GpioSetup 0519                 __pbssCOMRAM 0501           _UserAppInitialize FED4  
              ??_UserAppRun 0519        UserAppRun@au8Pattern 0519          ?_UserAppInitialize 0519  
            ??_SysTickSetup 0519         ??_UserAppInitialize 0519                    ?_TimeXus 0519  
        __end_of_UserAppRun FFFC   __end_of_UserAppInitialize FEE4                 ??_GpioSetup 0519  
                 copy_data0 FF38                    __Hrparam 0000                    __Lrparam 0000  
          __size_of_TimeXus 001E            UserAppRun@F15926 0511        __end_of_SysTickSetup FF24  
__size_of_UserAppInitialize 0010         UserAppRun@u8counter 050F               __size_of_main 0044  
              ?_SystemSleep 0519          _G_u32SystemTime1ms 0509           _G_u32SystemTime1s 0505  
        TimeXus@u16TimeLeft 051B  
